





























== Day 24 part 1 ==
Result: 
Time  : 0.000040 s
Memory: 0.37199 MB

== Day 24 part 2 ==
Array
(
    [x00] => x00
    [x01] => x01
    [x02] => x02
    [x03] => x03
    [x04] => x04
    [x05] => x05
    [x06] => x06
    [x07] => x07
    [x08] => x08
    [x09] => x09
    [x10] => x10
    [x11] => x11
    [x12] => x12
    [x13] => x13
    [x14] => x14
    [x15] => x15
    [x16] => x16
    [x17] => x17
    [x18] => x18
    [x19] => x19
    [x20] => x20
    [x21] => x21
    [x22] => x22
:...skipping...
== Day 24 part 1 ==
Result: 
Time  : 0.000040 s
Memory: 0.37199 MB

== Day 24 part 2 ==
Array
(
    [x00] => x00
    [x01] => x01
    [x02] => x02
    [x03] => x03
    [x04] => x04
    [x05] => x05
    [x06] => x06
    [x07] => x07
    [x08] => x08
    [x09] => x09
    [x10] => x10
    [x11] => x11
    [x12] => x12
    [x13] => x13
    [x14] => x14
    [x15] => x15
    [x16] => x16
    [x17] => x17
    [x18] => x18
    [x19] => x19
    [x20] => x20
    [x21] => x21
    [x22] => x22
    [x23] => x23
    [x24] => x24
    [x25] => x25
    [x26] => x26
    [x27] => x27
    [x28] => x28
    [x29] => x29
    [x30] => x30
    [x31] => x31
    [x32] => x32
    [x33] => x33
    [x34] => x34
    [x35] => x35
:
== Day 24 part 1 ==
Result: 
Time  : 0.000040 s
Memory: 0.37199 MB

== Day 24 part 2 ==
Array
(
    [x00] => x00
    [x01] => x01
    [x02] => x02
    [x03] => x03
    [x04] => x04
    [x05] => x05
    [x06] => x06
    [x07] => x07
    [x08] => x08
    [x09] => x09
    [x10] => x10
    [x11] => x11
    [x12] => x12
    [x13] => x13
    [x14] => x14
    [x15] => x15
    [x16] => x16
    [x17] => x17
    [x18] => x18
    [x19] => x19
    [x20] => x20
    [x21] => x21
    [x22] => x22
    [x23] => x23
    [x24] => x24
    [x25] => x25
    [x26] => x26
    [x27] => x27
    [x28] => x28
    [x29] => x29
    [x30] => x30
    [x31] => x31
    [x32] => x32
    [x33] => x33
    [x34] => x34
    [x35] => x35
    [x36] => x36
    [x37] => x37
    [x38] => x38
    [x39] => x39
    [x40] => x40
    [x41] => x41
    [x42] => x42
    [x43] => x43
    [x44] => x44
    [y00] => y00
    [y01] => y01
    [y02] => y02
    [y03] => y03
    [y04] => y04
    [y05] => y05
    [y06] => y06
    [y07] => y07
    [y08] => y08
    [y09] => y09
    [y10] => y10
    [y11] => y11
    [y12] => y12
    [y13] => y13
    [y14] => y14
    [y15] => y15
    [y16] => y16
    [y17] => y17
    [y18] => y18
    [y19] => y19
    [y20] => y20
    [y21] => y21
    [y22] => y22
    [y23] => y23
    [y24] => y24
    [y25] => y25
    [y26] => y26
    [y27] => y27
    [y28] => y28
    [y29] => y29
    [y30] => y30
    [y31] => y31
    [y32] => y32
    [y33] => y33
    [y34] => y34
    [y35] => y35
    [y36] => y36
    [y37] => y37
    [y38] => y38
    [y39] => y39
    [y40] => y40
    [y41] => y41
    [y42] => y42
    [y43] => y43
    [y44] => y44
    [stm] => (x07 ^ y07)
    [vbj] => (x04 ^ y04)
    [nqm] => (y01 & x01)
    [wwc] => (x01 ^ y01)
    [nvv] => (y00 & x00)
    [whj] => ((x01 ^ y01) & (y00 & x00))
    [ghb] => ((y01 & x01) | ((x01 ^ y01) & (y00 & x00)))
    [dkg] => (y02 ^ x02)
    [nwp] => (((y01 & x01) | ((x01 ^ y01) & (y00 & x00))) & (y02 ^ x02))
    [gws] => (x02 & y02)
    [ggg] => ((((y01 & x01) | ((x01 ^ y01) & (y00 & x00))) & (y02 ^ x02)) | (x02 & y02))
    [kbg] => (y03 ^ x03)
    [jcf] => (((((y01 & x01) | ((x01 ^ y01) & (y00 & x00))) & (y02 ^ x02)) | (x02 & y02)) & (y03 ^ x03))
    [wgg] => (x03 & y03)
    [chb] => ((((((y01 & x01) | ((x01 ^ y01) & (y00 & x00))) & (y02 ^ x02)) | (x02 & y02)) & (y03 ^ x03)) | (x03 & y03))
    [kqr] => ((x04 ^ y04) & ((((((y01 & x01) | ((x01 ^ y01) & (y00 & x00))) & (y02 ^ x02)) | (x02 & y02)) & (y03 ^ x03)) | (x03 & y03)))
    [jsj] => (x04 & y04)
    [qqd] => (((x04 ^ y04) & ((((((y01 & x01) | ((x01 ^ y01) & (y00 & x00))) & (y02 ^ x02)) | (x02 & y02)) & (y03 ^ x03)) | (x03 & y03))) | (x04 & y04))
    [cph] => (x05 ^ y05)
    [bqd] => ((((x04 ^ y04) & ((((((y01 & x01) | ((x01 ^ y01) & (y00 & x00))) & (y02 ^ x02)) | (x02 & y02)) & (y03 ^ x03)) | (x03 & y03))) | (x04 & y04)) & (x05 ^ y05))
    [hns] => (x05 & y05)
    [mtg] => (((((x04 ^ y04) & ((((((y01 & x01) | ((x01 ^ y01) & (y00 & x00))) & (y02 ^ x02)) | (x02 & y02)) & (y03 ^ x03)) | (x03 & y03))) | (x04 & y04)) & (x05 ^ y05)) | (x05 & y05))
    [vnm] => (x06 ^ y06)
    [rrh] => ((((((x04 ^ y04) & ((((((y01 & x01) | ((x01 ^ y01) & (y00 & x00))) & (y02 ^ x02)) | (x02 & y02)) & (y03 ^ x03)) | (x03 & y03))) | (x04 & y04)) & (x05 ^ y05)) | (x05 & y05)) & (x06 ^ y06))
    [dqs] => (x06 & y06)
    [gdp] => (((((((x04 ^ y04) & ((((((y01 & x01) | ((x01 ^ y01) & (y00 & x00))) & (y02 ^ x02)) | (x02 & y02)) & (y03 ^ x03)) | (x03 & y03))) | (x04 & y04)) & (x05 ^ y05)) | (x05 & y05)) & (x06 ^ y06)) | (x06 & y06))
    [qgv] => ((x07 ^ y07) & (((((((x04 ^ y04) & ((((((y01 & x01) | ((x01 ^ y01) & (y00 & x00))) & (y02 ^ x02)) | (x02 & y02)) & (y03 ^ x03)) | (x03 & y03))) | (x04 & y04)) & (x05 ^ y05)) | (x05 & y05)) & (x06 ^ y06)) | (x06 & y06)))
    [dsf] => (y07 & x07)
    [mjm] => (((x07 ^ y07) & (((((((x04 ^ y04) & ((((((y01 & x01) | ((x01 ^ y01) & (y00 & x00))) & (y02 ^ x02)) | (x02 & y02)) & (y03 ^ x03)) | (x03 & y03))) | (x04 & y04)) & (x05 ^ y05)) | (x05 & y05)) & (x06 ^ y06)) | (x06 & y06))) | (y07 & x07))
    [shj] => (x38 ^ y38)
    [gdn] => (x37 & y37)
    [vcs] => (y35 ^ x35)
    [qgm] => (x33 & y33)
    [jbr] => (x33 ^ y33)
    [jfp] => (y32 & x32)
    [wnj] => (x32 ^ y32)
    [ndd] => (y31 & x31)
    [mqk] => (y31 ^ x31)
    [bgs] => (x30 ^ y30)
    [rkd] => (x27 & y27)
    [bqv] => (x27 ^ y27)
    [vqh] => (y26 & x26)
    [wgw] => (y24 ^ x24)
    [vgr] => (x23 & y23)
    [snh] => (x22 & y22)
    [tdc] => (y22 ^ x22)
    [jhm] => (y21 ^ x21)
    [mrq] => (x20 & y20)
    [jtn] => (x20 ^ y20)
    [pnd] => (y19 & x19)
    [tqq] => (x16 & y16)
    [rgt] => (y15 ^ x15)
    [drk] => (y14 ^ x14)
    [rsq] => (x13 & y13)
    [qvh] => (y12 ^ x12)
    [smr] => (y11 & x11)
    [vjn] => (x11 ^ y11)
    [ktf] => (y10 & x10)
    [fnt] => (x10 ^ y10)
    [qjb] => (x08 ^ y08)
    [gvw] => (x08 & y08)
    [qqm] => ((((x07 ^ y07) & (((((((x04 ^ y04) & ((((((y01 & x01) | ((x01 ^ y01) & (y00 & x00))) & (y02 ^ x02)) | (x02 & y02)) & (y03 ^ x03)) | (x03 & y03))) | (x04 & y04)) & (x05 ^ y05)) | (x05 & y05)) & (x06 ^ y06)) | (x06 & y06))) | (y07 & x07)) & (x08 & y08))
    [vdr] => ((x08 ^ y08) | ((((x07 ^ y07) & (((((((x04 ^ y04) & ((((((y01 & x01) | ((x01 ^ y01) & (y00 & x00))) & (y02 ^ x02)) | (x02 & y02)) & (y03 ^ x03)) | (x03 & y03))) | (x04 & y04)) & (x05 ^ y05)) | (x05 & y05)) & (x06 ^ y06)) | (x06 & y06))) | (y07 & x07)) & (x08 & y08)))
    [cbf] => (x09 ^ y09)
    [sht] => (((x08 ^ y08) | ((((x07 ^ y07) & (((((((x04 ^ y04) & ((((((y01 & x01) | ((x01 ^ y01) & (y00 & x00))) & (y02 ^ x02)) | (x02 & y02)) & (y03 ^ x03)) | (x03 & y03))) | (x04 & y04)) & (x05 ^ y05)) | (x05 & y05)) & (x06 ^ y06)) | (x06 & y06))) | (y07 & x07)) & (x08 & y08))) & (x09 ^ y09))
    [fhh] => (x09 & y09)
    [bnk] => ((((x08 ^ y08) | ((((x07 ^ y07) & (((((((x04 ^ y04) & ((((((y01 & x01) | ((x01 ^ y01) & (y00 & x00))) & (y02 ^ x02)) | (x02 & y02)) & (y03 ^ x03)) | (x03 & y03))) | (x04 & y04)) & (x05 ^ y05)) | (x05 & y05)) & (x06 ^ y06)) | (x06 & y06))) | (y07 & x07)) & (x08 & y08))) & (x09 ^ y09)) | (x09 & y09))
    [pvt] => ((x10 ^ y10) & ((((x08 ^ y08) | ((((x07 ^ y07) & (((((((x04 ^ y04) & ((((((y01 & x01) | ((x01 ^ y01) & (y00 & x00))) & (y02 ^ x02)) | (x02 & y02)) & (y03 ^ x03)) | (x03 & y03))) | (x04 & y04)) & (x05 ^ y05)) | (x05 & y05)) & (x06 ^ y06)) | (x06 & y06))) | (y07 & x07)) & (x08 & y08))) & (x09 ^ y09)) | (x09 & y09)))
    [tjg] => ((y10 & x10) | ((x10 ^ y10) & ((((x08 ^ y08) | ((((x07 ^ y07) & (((((((x04 ^ y04) & ((((((y01 & x01) | ((x01 ^ y01) & (y00 & x00))) & (y02 ^ x02)) | (x02 & y02)) & (y03 ^ x03)) | (x03 & y03))) | (x04 & y04)) & (x05 ^ y05)) | (x05 & y05)) & (x06 ^ y06)) | (x06 & y06))) | (y07 & x07)) & (x08 & y08))) & (x09 ^ y09)) | (x09 & y09))))
    [trg] => ((x11 ^ y11) & ((y10 & x10) | ((x10 ^ y10) & ((((x08 ^ y08) | ((((x07 ^ y07) & (((((((x04 ^ y04) & ((((((y01 & x01) | ((x01 ^ y01) & (y00 & x00))) & (y02 ^ x02)) | (x02 & y02)) & (y03 ^ x03)) | (x03 & y03))) | (x04 & y04)) & (x05 ^ y05)) | (x05 & y05)) & (x06 ^ y06)) | (x06 & y06))) | (y07 & x07)) & (x08 & y08))) & (x09 ^ y09)) | (x09 & y09)))))
    [wmd] => ((y11 & x11) | ((x11 ^ y11) & ((y10 & x10) | ((x10 ^ y10) & ((((x08 ^ y08) | ((((x07 ^ y07) & (((((((x04 ^ y04) & ((((((y01 & x01) | ((x01 ^ y01) & (y00 & x00))) & (y02 ^ x02)) | (x02 & y02)) & (y03 ^ x03)) | (x03 & y03))) | (x04 & y04)) & (x05 ^ y05)) | (x05 & y05)) & (x06 ^ y06)) | (x06 & y06))) | (y07 & x07)) & (x08 & y08))) & (x09 ^ y09)) | (x09 & y09))))))
    [fbn] => ((y12 ^ x12) & ((y11 & x11) | ((x11 ^ y11) & ((y10 & x10) | ((x10 ^ y10) & ((((x08 ^ y08) | ((((x07 ^ y07) & (((((((x04 ^ y04) & ((((((y01 & x01) | ((x01 ^ y01) & (y00 & x00))) & (y02 ^ x02)) | (x02 & y02)) & (y03 ^ x03)) | (x03 & y03))) | (x04 & y04)) & (x05 ^ y05)) | (x05 & y05)) & (x06 ^ y06)) | (x06 & y06))) | (y07 & x07)) & (x08 & y08))) & (x09 ^ y09)) | (x09 & y09)))))))
    [cmn] => (x12 & y12)
    [hcg] => (((y12 ^ x12) & ((y11 & x11) | ((x11 ^ y11) & ((y10 & x10) | ((x10 ^ y10) & ((((x08 ^ y08) | ((((x07 ^ y07) & (((((((x04 ^ y04) & ((((((y01 & x01) | ((x01 ^ y01) & (y00 & x00))) & (y02 ^ x02)) | (x02 & y02)) & (y03 ^ x03)) | (x03 & y03))) | (x04 & y04)) & (x05 ^ y05)) | (x05 & y05)) & (x06 ^ y06)) | (x06 & y06))) | (y07 & x07)) & (x08 & y08))) & (x09 ^ y09)) | (x09 & y09))))))) | (x12 & y12))
    [mnv] => (y13 ^ x13)
    [cfk] => ((((y12 ^ x12) & ((y11 & x11) | ((x11 ^ y11) & ((y10 & x10) | ((x10 ^ y10) & ((((x08 ^ y08) | ((((x07 ^ y07) & (((((((x04 ^ y04) & ((((((y01 & x01) | ((x01 ^ y01) & (y00 & x00))) & (y02 ^ x02)) | (x02 & y02)) & (y03 ^ x03)) | (x03 & y03))) | (x04 & y04)) & (x05 ^ y05)) | (x05 & y05)) & (x06 ^ y06)) | (x06 & y06))) | (y07 & x07)) & (x08 & y08))) & (x09 ^ y09)) | (x09 & y09))))))) | (x12 & y12)) & (y13 ^ x13))
    [tpv] => ((x13 & y13) | ((((y12 ^ x12) & ((y11 & x11) | ((x11 ^ y11) & ((y10 & x10) | ((x10 ^ y10) & ((((x08 ^ y08) | ((((x07 ^ y07) & (((((((x04 ^ y04) & ((((((y01 & x01) | ((x01 ^ y01) & (y00 & x00))) & (y02 ^ x02)) | (x02 & y02)) & (y03 ^ x03)) | (x03 & y03))) | (x04 & y04)) & (x05 ^ y05)) | (x05 & y05)) & (x06 ^ y06)) | (x06 & y06))) | (y07 & x07)) & (x08 & y08))) & (x09 ^ y09)) | (x09 & y09))))))) | (x12 & y12)) & (y13 ^ x13)))
    [ttr] => ((y14 ^ x14) & ((x13 & y13) | ((((y12 ^ x12) & ((y11 & x11) | ((x11 ^ y11) & ((y10 & x10) | ((x10 ^ y10) & ((((x08 ^ y08) | ((((x07 ^ y07) & (((((((x04 ^ y04) & ((((((y01 & x01) | ((x01 ^ y01) & (y00 & x00))) & (y02 ^ x02)) | (x02 & y02)) & (y03 ^ x03)) | (x03 & y03))) | (x04 & y04)) & (x05 ^ y05)) | (x05 & y05)) & (x06 ^ y06)) | (x06 & y06))) | (y07 & x07)) & (x08 & y08))) & (x09 ^ y09)) | (x09 & y09))))))) | (x12 & y12)) & (y13 ^ x13))))
    [nfj] => (x14 & y14)
    [fbv] => (((y14 ^ x14) & ((x13 & y13) | ((((y12 ^ x12) & ((y11 & x11) | ((x11 ^ y11) & ((y10 & x10) | ((x10 ^ y10) & ((((x08 ^ y08) | ((((x07 ^ y07) & (((((((x04 ^ y04) & ((((((y01 & x01) | ((x01 ^ y01) & (y00 & x00))) & (y02 ^ x02)) | (x02 & y02)) & (y03 ^ x03)) | (x03 & y03))) | (x04 & y04)) & (x05 ^ y05)) | (x05 & y05)) & (x06 ^ y06)) | (x06 & y06))) | (y07 & x07)) & (x08 & y08))) & (x09 ^ y09)) | (x09 & y09))))))) | (x12 & y12)) & (y13 ^ x13)))) | (x14 & y14))
    [rfj] => ((y15 ^ x15) & (((y14 ^ x14) & ((x13 & y13) | ((((y12 ^ x12) & ((y11 & x11) | ((x11 ^ y11) & ((y10 & x10) | ((x10 ^ y10) & ((((x08 ^ y08) | ((((x07 ^ y07) & (((((((x04 ^ y04) & ((((((y01 & x01) | ((x01 ^ y01) & (y00 & x00))) & (y02 ^ x02)) | (x02 & y02)) & (y03 ^ x03)) | (x03 & y03))) | (x04 & y04)) & (x05 ^ y05)) | (x05 & y05)) & (x06 ^ y06)) | (x06 & y06))) | (y07 & x07)) & (x08 & y08))) & (x09 ^ y09)) | (x09 & y09))))))) | (x12 & y12)) & (y13 ^ x13)))) | (x14 & y14)))
    [jgc] => ((((y14 ^ x14) & ((x13 & y13) | ((((y12 ^ x12) & ((y11 & x11) | ((x11 ^ y11) & ((y10 & x10) | ((x10 ^ y10) & ((((x08 ^ y08) | ((((x07 ^ y07) & (((((((x04 ^ y04) & ((((((y01 & x01) | ((x01 ^ y01) & (y00 & x00))) & (y02 ^ x02)) | (x02 & y02)) & (y03 ^ x03)) | (x03 & y03))) | (x04 & y04)) & (x05 ^ y05)) | (x05 & y05)) & (x06 ^ y06)) | (x06 & y06))) | (y07 & x07)) & (x08 & y08))) & (x09 ^ y09)) | (x09 & y09))))))) | (x12 & y12)) & (y13 ^ x13)))) | (x14 & y14)) ^ (y15 ^ x15))
    [bst] => (((y15 ^ x15) & (((y14 ^ x14) & ((x13 & y13) | ((((y12 ^ x12) & ((y11 & x11) | ((x11 ^ y11) & ((y10 & x10) | ((x10 ^ y10) & ((((x08 ^ y08) | ((((x07 ^ y07) & (((((((x04 ^ y04) & ((((((y01 & x01) | ((x01 ^ y01) & (y00 & x00))) & (y02 ^ x02)) | (x02 & y02)) & (y03 ^ x03)) | (x03 & y03))) | (x04 & y04)) & (x05 ^ y05)) | (x05 & y05)) & (x06 ^ y06)) | (x06 & y06))) | (y07 & x07)) & (x08 & y08))) & (x09 ^ y09)) | (x09 & y09))))))) | (x12 & y12)) & (y13 ^ x13)))) | (x14 & y14))) | ((((y14 ^ x14) & ((x13 & y13) | ((((y12 ^ x12) & ((y11 & x11) | ((x11 ^ y11) & ((y10 & x10) | ((x10 ^ y10) & ((((x08 ^ y08) | ((((x07 ^ y07) & (((((((x04 ^ y04) & ((((((y01 & x01) | ((x01 ^ y01) & (y00 & x00))) & (y02 ^ x02)) | (x02 & y02)) & (y03 ^ x03)) | (x03 & y03))) | (x04 & y04)) & (x05 ^ y05)) | (x05 & y05)) & (x06 ^ y06)) | (x06 & y06))) | (y07 & x07)) & (x08 & y08))) & (x09 ^ y09)) | (x09 & y09))))))) | (x12 & y12)) & (y13 ^ x13)))) | (x14 & y14)) ^ (y15 ^ x15)))
    [pkj] => (x16 ^ y16)
    [jjc] => ((((y15 ^ x15) & (((y14 ^ x14) & ((x13 & y13) | ((((y12 ^ x12) & ((y11 & x11) | ((x11 ^ y11) & ((y10 & x10) | ((x10 ^ y10) & ((((x08 ^ y08) | ((((x07 ^ y07) & (((((((x04 ^ y04) & ((((((y01 & x01) | ((x01 ^ y01) & (y00 & x00))) & (y02 ^ x02)) | (x02 & y02)) & (y03 ^ x03)) | (x03 & y03))) | (x04 & y04)) & (x05 ^ y05)) | (x05 & y05)) & (x06 ^ y06)) | (x06 & y06))) | (y07 & x07)) & (x08 & y08))) & (x09 ^ y09)) | (x09 & y09))))))) | (x12 & y12)) & (y13 ^ x13)))) | (x14 & y14))) | ((((y14 ^ x14) & ((x13 & y13) | ((((y12 ^ x12) & ((y11 & x11) | ((x11 ^ y11) & ((y10 & x10) | ((x10 ^ y10) & ((((x08 ^ y08) | ((((x07 ^ y07) & (((((((x04 ^ y04) & ((((((y01 & x01) | ((x01 ^ y01) & (y00 & x00))) & (y02 ^ x02)) | (x02 & y02)) & (y03 ^ x03)) | (x03 & y03))) | (x04 & y04)) & (x05 ^ y05)) | (x05 & y05)) & (x06 ^ y06)) | (x06 & y06))) | (y07 & x07)) & (x08 & y08))) & (x09 ^ y09)) | (x09 & y09))))))) | (x12 & y12)) & (y13 ^ x13)))) | (x14 & y14)) ^ (y15 ^ x15))) & (x16 ^ y16))
    [tpn] => ((x16 & y16) | ((((y15 ^ x15) & (((y14 ^ x14) & ((x13 & y13) | ((((y12 ^ x12) & ((y11 & x11) | ((x11 ^ y11) & ((y10 & x10) | ((x10 ^ y10) & ((((x08 ^ y08) | ((((x07 ^ y07) & (((((((x04 ^ y04) & ((((((y01 & x01) | ((x01 ^ y01) & (y00 & x00))) & (y02 ^ x02)) | (x02 & y02)) & (y03 ^ x03)) | (x03 & y03))) | (x04 & y04)) & (x05 ^ y05)) | (x05 & y05)) & (x06 ^ y06)) | (x06 & y06))) | (y07 & x07)) & (x08 & y08))) & (x09 ^ y09)) | (x09 & y09))))))) | (x12 & y12)) & (y13 ^ x13)))) | (x14 & y14))) | ((((y14 ^ x14) & ((x13 & y13) | ((((y12 ^ x12) & ((y11 & x11) | ((x11 ^ y11) & ((y10 & x10) | ((x10 ^ y10) & ((((x08 ^ y08) | ((((x07 ^ y07) & (((((((x04 ^ y04) & ((((((y01 & x01) | ((x01 ^ y01) & (y00 & x00))) & (y02 ^ x02)) | (x02 & y02)) & (y03 ^ x03)) | (x03 & y03))) | (x04 & y04)) & (x05 ^ y05)) | (x05 & y05)) & (x06 ^ y06)) | (x06 & y06))) | (y07 & x07)) & (x08 & y08))) & (x09 ^ y09)) | (x09 & y09))))))) | (x12 & y12)) & (y13 ^ x13)))) | (x14 & y14)) ^ (y15 ^ x15))) & (x16 ^ y16)))
    [wcn] => (y17 ^ x17)
    [tpd] => (((x16 & y16) | ((((y15 ^ x15) & (((y14 ^ x14) & ((x13 & y13) | ((((y12 ^ x12) & ((y11 & x11) | ((x11 ^ y11) & ((y10 & x10) | ((x10 ^ y10) & ((((x08 ^ y08) | ((((x07 ^ y07) & (((((((x04 ^ y04) & ((((((y01 & x01) | ((x01 ^ y01) & (y00 & x00))) & (y02 ^ x02)) | (x02 & y02)) & (y03 ^ x03)) | (x03 & y03))) | (x04 & y04)) & (x05 ^ y05)) | (x05 & y05)) & (x06 ^ y06)) | (x06 & y06))) | (y07 & x07)) & (x08 & y08))) & (x09 ^ y09)) | (x09 & y09))))))) | (x12 & y12)) & (y13 ^ x13)))) | (x14 & y14))) | ((((y14 ^ x14) & ((x13 & y13) | ((((y12 ^ x12) & ((y11 & x11) | ((x11 ^ y11) & ((y10 & x10) | ((x10 ^ y10) & ((((x08 ^ y08) | ((((x07 ^ y07) & (((((((x04 ^ y04) & ((((((y01 & x01) | ((x01 ^ y01) & (y00 & x00))) & (y02 ^ x02)) | (x02 & y02)) & (y03 ^ x03)) | (x03 & y03))) | (x04 & y04)) & (x05 ^ y05)) | (x05 & y05)) & (x06 ^ y06)) | (x06 & y06))) | (y07 & x07)) & (x08 & y08))) & (x09 ^ y09)) | (x09 & y09))))))) | (x12 & y12)) & (y13 ^ x13)))) | (x14 & y14)) ^ (y15 ^ x15))) & (x16 ^ y16))) & (y17 ^ x17))
    [djn] => (x17 & y17)
